c:\apps\Axon_power_consumption\CPX400DP\JIGBRN\example.txt
c:\apps\Axon_tool_2\Lib\7F.txt
c:\apps\Axon_tool_power consumption\Axon_tool\Lib\axontemp.txt
c:\apps\Axon_tool_power consumption\Axon_tool\Lib\DV_Test_Sequencer\Lib\Drivers\CPX400DP\JIGBRN\example.txt
c:\apps\Axon_tool_power consumption\Axon_tool\Lib\DV_Test_Sequencer\Lib\Drivers\TecPel\SLAB_License_Agreement_VCP_Windows.txt
c:\apps\Axon_tool_power consumption\Axon_tool\Lib\DV_Test_Sequencer\Lib\Drivers\TecPel\v6-7-6-driver-release-notes.txt
c:\apps\Axon_tool_power consumption\Axon_tool\Lib\DV_Test_Sequencer\TecPel\Drivers\SLAB_License_Agreement_VCP_Windows.txt
c:\apps\Axon_tool_power consumption\Axon_tool\Lib\DV_Test_Sequencer\TecPel\Drivers\v6-7-6-driver-release-notes.txt
c:\apps\Axon_tool__\Lib\DV_Test_Sequencer\Lib\Drivers\CPX400DP\JIGBRN\example.txt
c:\apps\Axon_tool__\Lib\DV_Test_Sequencer\Lib\Drivers\TecPel\SLAB_License_Agreement_VCP_Windows.txt
c:\apps\Axon_tool__\Lib\DV_Test_Sequencer\Lib\Drivers\TecPel\v6-7-6-driver-release-notes.txt
c:\apps\Axon_tool__\Lib\DV_Test_Sequencer\TecPel\Drivers\SLAB_License_Agreement_VCP_Windows.txt
c:\apps\Axon_tool__\Lib\DV_Test_Sequencer\TecPel\Drivers\v6-7-6-driver-release-notes.txt
c:\apps\Axon_tool__Do_not delete\Axon_tool_class.txt
c:\apps\Axon_tool__Do_not delete\Lib\7f.txt
c:\apps\Axon_tool__Do_not delete\Lib\axontemp.txt
c:\apps\Axon_tool__Do_not delete\Lib\Empty_7f.txt
c:\apps\Axon_tool__Do_not delete\Lib\module_list.txt
c:\apps\Axon_tool__Do_not delete\Lib\DV_Test_Sequencer\Lib\Drivers\CPX400DP\JIGBRN\example.txt
c:\apps\Axon_tool__Do_not delete\Lib\DV_Test_Sequencer\Lib\Drivers\TecPel\SLAB_License_Agreement_VCP_Windows.txt
c:\apps\Axon_tool__Do_not delete\Lib\DV_Test_Sequencer\Lib\Drivers\TecPel\v6-7-6-driver-release-notes.txt
c:\apps\Axon_tool__Do_not delete\Lib\DV_Test_Sequencer\TecPel\Drivers\SLAB_License_Agreement_VCP_Windows.txt
c:\apps\Axon_tool__Do_not delete\Lib\DV_Test_Sequencer\TecPel\Drivers\v6-7-6-driver-release-notes.txt
c:\apps\Axon_tool__Do_not delete\Report\Previous_rand_file_ONES.txt
c:\apps\Axon_tool__Do_not delete\Report\Previous_rand_file_RANDOM.txt
c:\apps\Axon_tool__Do_not delete\Report\Previous_rand_file_ZEROES.txt
c:\apps\Axon_tool__Do_not delete\Report\Previous_sector_read_ONES.txt
c:\apps\Axon_tool__Do_not delete\Report\Previous_sector_read_RANDOM.txt
c:\apps\Axon_tool__Do_not delete\Report\Previous_sector_read_ZEROES.txt
c:\apps\Axon_tool__Do_not delete\Report\rand_file.txt
c:\apps\Axon_tool__Do_not delete\Report\sector_read.txt
c:\apps\Axon_tool____111\Lib\7f.txt
c:\apps\Axon_tool____111\Lib\DV_Test_Sequencer\Lib\Drivers\CPX400DP\JIGBRN\example.txt
c:\apps\Axon_tool____111\Lib\DV_Test_Sequencer\Lib\Drivers\TecPel\SLAB_License_Agreement_VCP_Windows.txt
c:\apps\Axon_tool____111\Lib\DV_Test_Sequencer\Lib\Drivers\TecPel\v6-7-6-driver-release-notes.txt
c:\apps\Axon_tool____111\Lib\DV_Test_Sequencer\TecPel\Drivers\SLAB_License_Agreement_VCP_Windows.txt
c:\apps\Axon_tool____111\Lib\DV_Test_Sequencer\TecPel\Drivers\v6-7-6-driver-release-notes.txt
c:\apps\DV_Test_Sequencer\Lib\Drivers\CPX400DP\JIGBRN\example.txt
c:\apps\DV_Test_Sequencer\Lib\Drivers\TecPel\SLAB_License_Agreement_VCP_Windows.txt
c:\apps\DV_Test_Sequencer\Lib\Drivers\TecPel\v6-7-6-driver-release-notes.txt
c:\apps\DV_Test_Sequencer\TecPel\Drivers\SLAB_License_Agreement_VCP_Windows.txt
c:\apps\DV_Test_Sequencer\TecPel\Drivers\v6-7-6-driver-release-notes.txt
c:\apps\DV_Test_Sequencer_old\Lib\Drivers\CPX400DP\JIGBRN\example.txt
c:\apps\DV_Test_Sequencer_old\Lib\Drivers\TecPel\SLAB_License_Agreement_VCP_Windows.txt
c:\apps\DV_Test_Sequencer_old\Lib\Drivers\TecPel\v6-7-6-driver-release-notes.txt
c:\apps\DV_Test_Sequencer_old\TecPel\Drivers\SLAB_License_Agreement_VCP_Windows.txt
c:\apps\DV_Test_Sequencer_old\TecPel\Drivers\v6-7-6-driver-release-notes.txt
c:\apps\TecPel\Drivers\SLAB_License_Agreement_VCP_Windows.txt
c:\apps\TecPel\Drivers\v6-7-6-driver-release-notes.txt
c:\apps\_Prog\Master\Modification Remaining for Ver3.txt
c:\apps\_Prog\Master\Bypass_Folder\amplitude.txt
c:\apps\_Prog\Master\Bypass_Folder\frequency.txt
c:\apps\_Prog\Master\Bypass_Folder\off.txt
c:\apps\_Prog\Master\Bypass_Folder\phase.txt
c:\apps\_Prog\Master\Bypass_Folder\sinad.txt
c:\apps\_Prog\Master\Bypass_Folder_old\amplitude.txt
c:\apps\_Prog\Master\Bypass_Folder_old\frequency.txt
c:\apps\_Prog\Master\Bypass_Folder_old\off.txt
c:\apps\_Prog\Master\Bypass_Folder_old\phase.txt
c:\apps\_Prog\Master\Bypass_Folder_old\sinad.txt
c:\apps\_Prog\Master\FFT\How to use.txt
c:\apps\_Prog\Master\FFT\SinIn.txt
c:\apps\_Prog\Master\FFT - Future Work\Work to be Done.txt
c:\apps\_Prog\Master\NW_Inspect\Source_Code\NWDS3\C\README_nwds3_main.txt
c:\apps\_Prog\Master\NW_Inspect\Source_Code\NWDS3\C\time.txt
c:\apps\_Prog\Master\NW_Inspect_old\Source_Code\NWDS3\C\README_nwds3_main.txt
c:\apps\_Prog\Master\NW_Inspect_old\Source_Code\NWDS3\C\time.txt
c:\apps\_Prog\Master\String_Searcher\Result.txt
