c:\Users\VREDNYJ\PycharmProjects\Working_with_files\Pack\sample.txt
c:\Users\VREDNYJ\PycharmProjects\Working_with_files\Pack\sshd_logon_attempt.txt
c:\Users\VREDNYJ\PycharmProjects\Working_with_files\venv\Lib\site-packages\et_xmlfile-1.1.0.dist-info\AUTHORS.txt
c:\Users\VREDNYJ\PycharmProjects\Working_with_files\venv\Lib\site-packages\et_xmlfile-1.1.0.dist-info\top_level.txt
c:\Users\VREDNYJ\PycharmProjects\Working_with_files\venv\Lib\site-packages\numpy\LICENSE.txt
c:\Users\VREDNYJ\PycharmProjects\Working_with_files\venv\Lib\site-packages\numpy\core\include\numpy\multiarray_api.txt
c:\Users\VREDNYJ\PycharmProjects\Working_with_files\venv\Lib\site-packages\numpy\core\include\numpy\ufunc_api.txt
c:\Users\VREDNYJ\PycharmProjects\Working_with_files\venv\Lib\site-packages\numpy\core\include\numpy\libdivide\LICENSE.txt
c:\Users\VREDNYJ\PycharmProjects\Working_with_files\venv\Lib\site-packages\numpy\core\tests\data\umath-validation-set-README.txt
c:\Users\VREDNYJ\PycharmProjects\Working_with_files\venv\Lib\site-packages\numpy-1.21.3.dist-info\entry_points.txt
c:\Users\VREDNYJ\PycharmProjects\Working_with_files\venv\Lib\site-packages\numpy-1.21.3.dist-info\LICENSE.txt
c:\Users\VREDNYJ\PycharmProjects\Working_with_files\venv\Lib\site-packages\numpy-1.21.3.dist-info\LICENSES_bundled.txt
c:\Users\VREDNYJ\PycharmProjects\Working_with_files\venv\Lib\site-packages\numpy-1.21.3.dist-info\top_level.txt
c:\Users\VREDNYJ\PycharmProjects\Working_with_files\venv\Lib\site-packages\openpyxl-3.0.9.dist-info\top_level.txt
c:\Users\VREDNYJ\PycharmProjects\Working_with_files\venv\Lib\site-packages\Pillow-8.4.0.dist-info\top_level.txt
c:\Users\VREDNYJ\PycharmProjects\Working_with_files\venv\Lib\site-packages\pip\_vendor\vendor.txt
c:\Users\VREDNYJ\PycharmProjects\Working_with_files\venv\Lib\site-packages\pip-21.1.2.dist-info\entry_points.txt
c:\Users\VREDNYJ\PycharmProjects\Working_with_files\venv\Lib\site-packages\pip-21.1.2.dist-info\LICENSE.txt
c:\Users\VREDNYJ\PycharmProjects\Working_with_files\venv\Lib\site-packages\pip-21.1.2.dist-info\top_level.txt
c:\Users\VREDNYJ\PycharmProjects\Working_with_files\venv\Lib\site-packages\pygame-2.0.3.dist-info\entry_points.txt
c:\Users\VREDNYJ\PycharmProjects\Working_with_files\venv\Lib\site-packages\pygame-2.0.3.dist-info\top_level.txt
c:\Users\VREDNYJ\PycharmProjects\Working_with_files\venv\Lib\site-packages\setuptools-57.0.0.dist-info\dependency_links.txt
c:\Users\VREDNYJ\PycharmProjects\Working_with_files\venv\Lib\site-packages\setuptools-57.0.0.dist-info\entry_points.txt
c:\Users\VREDNYJ\PycharmProjects\Working_with_files\venv\Lib\site-packages\setuptools-57.0.0.dist-info\top_level.txt
c:\Users\VREDNYJ\PycharmProjects\Working_with_files\venv\Lib\site-packages\six-1.16.0.dist-info\top_level.txt
c:\Users\VREDNYJ\PycharmProjects\Working_with_files\venv\Lib\site-packages\wheel-0.36.2.dist-info\entry_points.txt
c:\Users\VREDNYJ\PycharmProjects\Working_with_files\venv\Lib\site-packages\wheel-0.36.2.dist-info\LICENSE.txt
c:\Users\VREDNYJ\PycharmProjects\Working_with_files\venv\Lib\site-packages\wheel-0.36.2.dist-info\top_level.txt
c:\Users\VREDNYJ\PycharmProjects\Working_with_files\venv\Lib\site-packages\wx\lib\editor\README.txt
c:\Users\VREDNYJ\PycharmProjects\Working_with_files\venv\Lib\site-packages\wx\lib\pdfviewer\bitmaps\ReadMe.txt
c:\Users\VREDNYJ\PycharmProjects\Working_with_files\venv\Lib\site-packages\wx\lib\pubsub\LICENSE_BSD_Simple.txt
c:\Users\VREDNYJ\PycharmProjects\Working_with_files\venv\Lib\site-packages\wx\lib\pubsub\README_WxPython.txt
c:\Users\VREDNYJ\PycharmProjects\Working_with_files\venv\Lib\site-packages\wx\lib\pubsub\RELEASE_NOTES.txt
c:\Users\VREDNYJ\PycharmProjects\Working_with_files\venv\Lib\site-packages\wx\py\CHANGES.txt
c:\Users\VREDNYJ\PycharmProjects\Working_with_files\venv\Lib\site-packages\wx\py\README.txt
c:\Users\VREDNYJ\PycharmProjects\Working_with_files\venv\Lib\site-packages\wxPython-4.1.1.dist-info\entry_points.txt
c:\Users\VREDNYJ\PycharmProjects\Working_with_files\venv\Lib\site-packages\wxPython-4.1.1.dist-info\LICENSE.txt
c:\Users\VREDNYJ\PycharmProjects\Working_with_files\venv\Lib\site-packages\wxPython-4.1.1.dist-info\top_level.txt
